<?xml version="1.0" encoding="UTF-8"?>
<!-- Generated by org.testng.reporters.JUnitXMLReporter -->
<testsuite ignored="0" hostname="hp-PC" failures="1" tests="2" name="Test" time="387.401" errors="0" timestamp="2022-01-12T17:56:07 IST">
  <testcase classname="ABPNews_live.TC_Home_001" name="scrolltoptobottom" time="312.828"/>
  <testcase classname="ABPNews_live.CoronaCases" name="coronavcases" time="21.02">
    <failure type="org.openqa.selenium.NoSuchElementException" message="An element could not be located on the page using the given search parameters. (WARNING: The server did not provide any stacktrace information)
Command duration or timeout: 21.00 seconds
For documentation on this error, please visit: http://seleniumhq.org/exceptions/no_such_element.html
Build info: version: &amp;apos;2.53.1&amp;apos;, revision: &amp;apos;a36b8b1cd5757287168e54b817830adce9b0158d&amp;apos;, time: &amp;apos;2016-06-30 19:26:09&amp;apos;
System info: host: &amp;apos;hp-PC&amp;apos;, ip: &amp;apos;192.168.25.72&amp;apos;, os.name: &amp;apos;Windows 7&amp;apos;, os.arch: &amp;apos;amd64&amp;apos;, os.version: &amp;apos;6.1&amp;apos;, java.version: &amp;apos;16.0.2&amp;apos;
Driver info: io.appium.java_client.android.AndroidDriver
Capabilities [{appPackage=com.winit.starnews.hin, deviceScreenSize=1080x1920, networkConnectionEnabled=true, statBarHeight=54, warnings={}, viewportRect={top=54, left=0, width=1080, height=1866}, databaseEnabled=false, deviceName=LN89WO5HNZ4TMJSC, platform=LINUX, deviceUDID=LN89WO5HNZ4TMJSC, appActivity=.activities.Welcome, desired={appPackage=com.winit.starnews.hin, appActivity=.activities.Welcome, automationName=Appium, platformName=Android}, platformVersion=6.0, pixelRatio=3, webStorageEnabled=false, locationContextEnabled=false, automationName=Appium, takesScreenshot=true, javascriptEnabled=true, deviceScreenDensity=480, deviceModel=CPH1609, platformName=Android, deviceApiLevel=23, deviceManufacturer=OPPO}]
Session ID: e13a95d8-ad6b-433c-860a-c6ff682a1fc2
*** Element info: {Using=xpath, value=//android.widget.TextView[@text=&amp;apos;(English)&amp;apos;]}">
      <![CDATA[org.openqa.selenium.NoSuchElementException: An element could not be located on the page using the given search parameters. (WARNING: The server did not provide any stacktrace information)
Command duration or timeout: 21.00 seconds
For documentation on this error, please visit: http://seleniumhq.org/exceptions/no_such_element.html
Build info: version: '2.53.1', revision: 'a36b8b1cd5757287168e54b817830adce9b0158d', time: '2016-06-30 19:26:09'
System info: host: 'hp-PC', ip: '192.168.25.72', os.name: 'Windows 7', os.arch: 'amd64', os.version: '6.1', java.version: '16.0.2'
Driver info: io.appium.java_client.android.AndroidDriver
Capabilities [{appPackage=com.winit.starnews.hin, deviceScreenSize=1080x1920, networkConnectionEnabled=true, statBarHeight=54, warnings={}, viewportRect={top=54, left=0, width=1080, height=1866}, databaseEnabled=false, deviceName=LN89WO5HNZ4TMJSC, platform=LINUX, deviceUDID=LN89WO5HNZ4TMJSC, appActivity=.activities.Welcome, desired={appPackage=com.winit.starnews.hin, appActivity=.activities.Welcome, automationName=Appium, platformName=Android}, platformVersion=6.0, pixelRatio=3, webStorageEnabled=false, locationContextEnabled=false, automationName=Appium, takesScreenshot=true, javascriptEnabled=true, deviceScreenDensity=480, deviceModel=CPH1609, platformName=Android, deviceApiLevel=23, deviceManufacturer=OPPO}]
Session ID: e13a95d8-ad6b-433c-860a-c6ff682a1fc2
*** Element info: {Using=xpath, value=//android.widget.TextView[@text='(English)']}
at org.openqa.selenium.remote.ErrorHandler.createThrowable(ErrorHandler.java:206)
at org.openqa.selenium.remote.ErrorHandler.throwIfResponseFailed(ErrorHandler.java:158)
at org.openqa.selenium.remote.RemoteWebDriver.execute(RemoteWebDriver.java:678)
at io.appium.java_client.DefaultGenericMobileDriver.execute(DefaultGenericMobileDriver.java:40)
at io.appium.java_client.AppiumDriver.execute(AppiumDriver.java:1)
at io.appium.java_client.android.AndroidDriver.execute(AndroidDriver.java:1)
at org.openqa.selenium.remote.RemoteWebDriver.findElement(RemoteWebDriver.java:363)
at io.appium.java_client.DefaultGenericMobileDriver.findElement(DefaultGenericMobileDriver.java:56)
at io.appium.java_client.AppiumDriver.findElement(AppiumDriver.java:1)
at io.appium.java_client.android.AndroidDriver.findElement(AndroidDriver.java:1)
at org.openqa.selenium.remote.RemoteWebDriver.findElementByXPath(RemoteWebDriver.java:500)
at io.appium.java_client.DefaultGenericMobileDriver.findElementByXPath(DefaultGenericMobileDriver.java:134)
at io.appium.java_client.AppiumDriver.findElementByXPath(AppiumDriver.java:1)
at io.appium.java_client.android.AndroidDriver.findElementByXPath(AndroidDriver.java:1)
at org.openqa.selenium.By$ByXPath.findElement(By.java:361)
at org.openqa.selenium.remote.RemoteWebDriver.findElement(RemoteWebDriver.java:355)
at io.appium.java_client.DefaultGenericMobileDriver.findElement(DefaultGenericMobileDriver.java:52)
at io.appium.java_client.AppiumDriver.findElement(AppiumDriver.java:1)
at io.appium.java_client.android.AndroidDriver.findElement(AndroidDriver.java:1)
at ABPNews_live.CoronaCases.coronavcases(CoronaCases.java:23)
at java.base/java.util.ArrayList.forEach(ArrayList.java:1511)
... Removed 32 stack frames]]>
    </failure>
  </testcase> <!-- coronavcases -->
</testsuite> <!-- Test -->
